The system is: Darwin - 14.1.0 - x86_64
Compiling the C compiler identification source file "CMakeCCompilerId.c" succeeded.
Compiler: /usr/bin/cc 
Build flags: 
Id flags: 

The output was:
0


Compilation of the C compiler identification source "CMakeCCompilerId.c" produced "a.out"

The C compiler identification is GNU, found in "/Users/luma/Code/Luma/LIBELAS/build/CMakeFiles/3.1.1/CompilerIdC/a.out"

Compiling the CXX compiler identification source file "CMakeCXXCompilerId.cpp" succeeded.
Compiler: /usr/bin/c++ 
Build flags: 
Id flags: 

The output was:
0


Compilation of the CXX compiler identification source "CMakeCXXCompilerId.cpp" produced "a.out"

The CXX compiler identification is GNU, found in "/Users/luma/Code/Luma/LIBELAS/build/CMakeFiles/3.1.1/CompilerIdCXX/a.out"

Determining if the C compiler works passed with the following output:
Change Dir: /Users/luma/Code/Luma/LIBELAS/build/CMakeFiles/CMakeTmp

Run Build Command:"/usr/bin/make" "cmTryCompileExec3815547811/fast"
/Applications/Xcode.app/Contents/Developer/usr/bin/make -f CMakeFiles/cmTryCompileExec3815547811.dir/build.make CMakeFiles/cmTryCompileExec3815547811.dir/build
/usr/local/Cellar/cmake/3.1.1/bin/cmake -E cmake_progress_report /Users/luma/Code/Luma/LIBELAS/build/CMakeFiles/CMakeTmp/CMakeFiles 1
Building C object CMakeFiles/cmTryCompileExec3815547811.dir/testCCompiler.c.o
/usr/bin/cc   -isysroot /Applications/Xcode.app/Contents/Developer/Platforms/MacOSX.platform/Developer/SDKs/MacOSX10.10.sdk   -o CMakeFiles/cmTryCompileExec3815547811.dir/testCCompiler.c.o   -c /Users/luma/Code/Luma/LIBELAS/build/CMakeFiles/CMakeTmp/testCCompiler.c
Linking C executable cmTryCompileExec3815547811
/usr/local/Cellar/cmake/3.1.1/bin/cmake -E cmake_link_script CMakeFiles/cmTryCompileExec3815547811.dir/link.txt --verbose=1
/usr/bin/cc    -isysroot /Applications/Xcode.app/Contents/Developer/Platforms/MacOSX.platform/Developer/SDKs/MacOSX10.10.sdk -Wl,-search_paths_first -Wl,-headerpad_max_install_names  CMakeFiles/cmTryCompileExec3815547811.dir/testCCompiler.c.o  -o cmTryCompileExec3815547811  


Detecting C compiler ABI info compiled with the following output:
Change Dir: /Users/luma/Code/Luma/LIBELAS/build/CMakeFiles/CMakeTmp

Run Build Command:"/usr/bin/make" "cmTryCompileExec533565825/fast"
/Applications/Xcode.app/Contents/Developer/usr/bin/make -f CMakeFiles/cmTryCompileExec533565825.dir/build.make CMakeFiles/cmTryCompileExec533565825.dir/build
/usr/local/Cellar/cmake/3.1.1/bin/cmake -E cmake_progress_report /Users/luma/Code/Luma/LIBELAS/build/CMakeFiles/CMakeTmp/CMakeFiles 1
Building C object CMakeFiles/cmTryCompileExec533565825.dir/CMakeCCompilerABI.c.o
/usr/bin/cc   -isysroot /Applications/Xcode.app/Contents/Developer/Platforms/MacOSX.platform/Developer/SDKs/MacOSX10.10.sdk   -o CMakeFiles/cmTryCompileExec533565825.dir/CMakeCCompilerABI.c.o   -c /usr/local/Cellar/cmake/3.1.1/share/cmake/Modules/CMakeCCompilerABI.c
Linking C executable cmTryCompileExec533565825
/usr/local/Cellar/cmake/3.1.1/bin/cmake -E cmake_link_script CMakeFiles/cmTryCompileExec533565825.dir/link.txt --verbose=1
/usr/bin/cc    -isysroot /Applications/Xcode.app/Contents/Developer/Platforms/MacOSX.platform/Developer/SDKs/MacOSX10.10.sdk -Wl,-search_paths_first -Wl,-headerpad_max_install_names -v -Wl,-v CMakeFiles/cmTryCompileExec533565825.dir/CMakeCCompilerABI.c.o  -o cmTryCompileExec533565825   
Using built-in specs.
COLLECT_GCC=/usr/bin/cc
COLLECT_LTO_WRAPPER=/usr/local/Cellar/gcc48/4.8.4/libexec/gcc/x86_64-apple-darwin14.1.0/4.8.4/lto-wrapper
Target: x86_64-apple-darwin14.1.0
Configured with: ../configure --build=x86_64-apple-darwin14.1.0 --prefix=/usr/local/Cellar/gcc48/4.8.4 --libdir=/usr/local/Cellar/gcc48/4.8.4/lib/gcc/4.8 --enable-languages=c,c++,objc,obj-c++ --program-suffix=-4.8 --with-gmp=/usr/local/opt/gmp4 --with-mpfr=/usr/local/opt/mpfr2 --with-mpc=/usr/local/opt/libmpc08 --with-cloog=/usr/local/opt/cloog018 --with-isl=/usr/local/opt/isl011 --with-system-zlib --enable-libstdcxx-time=yes --enable-stage1-checking --enable-checking=release --enable-lto --disable-werror --with-pkgversion='Homebrew gcc48 4.8.4' --with-bugurl=https://github.com/Homebrew/homebrew-versions/issues --enable-plugin --disable-nls --enable-multilib
Thread model: posix
gcc version 4.8.4 (Homebrew gcc48 4.8.4) 
COMPILER_PATH=/usr/local/Cellar/gcc48/4.8.4/libexec/gcc/x86_64-apple-darwin14.1.0/4.8.4/:/usr/local/Cellar/gcc48/4.8.4/libexec/gcc/x86_64-apple-darwin14.1.0/4.8.4/:/usr/local/Cellar/gcc48/4.8.4/libexec/gcc/x86_64-apple-darwin14.1.0/:/usr/local/Cellar/gcc48/4.8.4/lib/gcc/4.8/gcc/x86_64-apple-darwin14.1.0/4.8.4/:/usr/local/Cellar/gcc48/4.8.4/lib/gcc/4.8/gcc/x86_64-apple-darwin14.1.0/
LIBRARY_PATH=/usr/local/Cellar/gcc48/4.8.4/lib/gcc/4.8/gcc/x86_64-apple-darwin14.1.0/4.8.4/:/usr/local/Cellar/gcc48/4.8.4/lib/gcc/4.8/gcc/x86_64-apple-darwin14.1.0/4.8.4/../../../:/usr/lib/
COLLECT_GCC_OPTIONS='-mmacosx-version-min=10.10.1' '-isysroot' '/Applications/Xcode.app/Contents/Developer/Platforms/MacOSX.platform/Developer/SDKs/MacOSX10.10.sdk' '-v' '-o' 'cmTryCompileExec533565825' '-mtune=core2'
 /usr/local/Cellar/gcc48/4.8.4/libexec/gcc/x86_64-apple-darwin14.1.0/4.8.4/collect2 -dynamic -arch x86_64 -macosx_version_min 10.10.1 -syslibroot /Applications/Xcode.app/Contents/Developer/Platforms/MacOSX.platform/Developer/SDKs/MacOSX10.10.sdk -weak_reference_mismatches non-weak -o cmTryCompileExec533565825 -L/usr/local/Cellar/gcc48/4.8.4/lib/gcc/4.8/gcc/x86_64-apple-darwin14.1.0/4.8.4 -L/usr/local/Cellar/gcc48/4.8.4/lib/gcc/4.8/gcc/x86_64-apple-darwin14.1.0/4.8.4/../../.. -search_paths_first -headerpad_max_install_names -v CMakeFiles/cmTryCompileExec533565825.dir/CMakeCCompilerABI.c.o -no_compact_unwind -lSystem -lgcc_ext.10.5 -lgcc -lSystem -v
collect2 version 4.8.4
/usr/bin/ld -dynamic -arch x86_64 -macosx_version_min 10.10.1 -syslibroot /Applications/Xcode.app/Contents/Developer/Platforms/MacOSX.platform/Developer/SDKs/MacOSX10.10.sdk -weak_reference_mismatches non-weak -o cmTryCompileExec533565825 -L/usr/local/Cellar/gcc48/4.8.4/lib/gcc/4.8/gcc/x86_64-apple-darwin14.1.0/4.8.4 -L/usr/local/Cellar/gcc48/4.8.4/lib/gcc/4.8/gcc/x86_64-apple-darwin14.1.0/4.8.4/../../.. -search_paths_first -headerpad_max_install_names -v CMakeFiles/cmTryCompileExec533565825.dir/CMakeCCompilerABI.c.o -no_compact_unwind -lSystem -lgcc_ext.10.5 -lgcc -lSystem -v
@(#)PROGRAM:ld  PROJECT:ld64-241.9
configured to support archs: armv6 armv7 armv7s arm64 i386 x86_64 x86_64h armv6m armv7m armv7em
@(#)PROGRAM:ld  PROJECT:ld64-241.9
configured to support archs: armv6 armv7 armv7s arm64 i386 x86_64 x86_64h armv6m armv7m armv7em
Library search paths:
	/usr/local/Cellar/gcc48/4.8.4/lib/gcc/4.8/gcc/x86_64-apple-darwin14.1.0/4.8.4
	/usr/local/Cellar/gcc48/4.8.4/lib/gcc/4.8
	/Applications/Xcode.app/Contents/Developer/Platforms/MacOSX.platform/Developer/SDKs/MacOSX10.10.sdk/usr/lib
Framework search paths:
	/Applications/Xcode.app/Contents/Developer/Platforms/MacOSX.platform/Developer/SDKs/MacOSX10.10.sdk/System/Library/Frameworks/


Parsed C implicit link information from above output:
  link line regex: [^( *|.*[/\])(ld|([^/\]+-)?ld|collect2)[^/\]*( |$)]
  ignore line: [Change Dir: /Users/luma/Code/Luma/LIBELAS/build/CMakeFiles/CMakeTmp]
  ignore line: []
  ignore line: [Run Build Command:"/usr/bin/make" "cmTryCompileExec533565825/fast"]
  ignore line: [/Applications/Xcode.app/Contents/Developer/usr/bin/make -f CMakeFiles/cmTryCompileExec533565825.dir/build.make CMakeFiles/cmTryCompileExec533565825.dir/build]
  ignore line: [/usr/local/Cellar/cmake/3.1.1/bin/cmake -E cmake_progress_report /Users/luma/Code/Luma/LIBELAS/build/CMakeFiles/CMakeTmp/CMakeFiles 1]
  ignore line: [Building C object CMakeFiles/cmTryCompileExec533565825.dir/CMakeCCompilerABI.c.o]
  ignore line: [/usr/bin/cc   -isysroot /Applications/Xcode.app/Contents/Developer/Platforms/MacOSX.platform/Developer/SDKs/MacOSX10.10.sdk   -o CMakeFiles/cmTryCompileExec533565825.dir/CMakeCCompilerABI.c.o   -c /usr/local/Cellar/cmake/3.1.1/share/cmake/Modules/CMakeCCompilerABI.c]
  ignore line: [Linking C executable cmTryCompileExec533565825]
  ignore line: [/usr/local/Cellar/cmake/3.1.1/bin/cmake -E cmake_link_script CMakeFiles/cmTryCompileExec533565825.dir/link.txt --verbose=1]
  ignore line: [/usr/bin/cc    -isysroot /Applications/Xcode.app/Contents/Developer/Platforms/MacOSX.platform/Developer/SDKs/MacOSX10.10.sdk -Wl,-search_paths_first -Wl,-headerpad_max_install_names -v -Wl,-v CMakeFiles/cmTryCompileExec533565825.dir/CMakeCCompilerABI.c.o  -o cmTryCompileExec533565825   ]
  ignore line: [Using built-in specs.]
  ignore line: [COLLECT_GCC=/usr/bin/cc]
  ignore line: [COLLECT_LTO_WRAPPER=/usr/local/Cellar/gcc48/4.8.4/libexec/gcc/x86_64-apple-darwin14.1.0/4.8.4/lto-wrapper]
  ignore line: [Target: x86_64-apple-darwin14.1.0]
  ignore line: [Configured with: ../configure --build=x86_64-apple-darwin14.1.0 --prefix=/usr/local/Cellar/gcc48/4.8.4 --libdir=/usr/local/Cellar/gcc48/4.8.4/lib/gcc/4.8 --enable-languages=c,c++,objc,obj-c++ --program-suffix=-4.8 --with-gmp=/usr/local/opt/gmp4 --with-mpfr=/usr/local/opt/mpfr2 --with-mpc=/usr/local/opt/libmpc08 --with-cloog=/usr/local/opt/cloog018 --with-isl=/usr/local/opt/isl011 --with-system-zlib --enable-libstdcxx-time=yes --enable-stage1-checking --enable-checking=release --enable-lto --disable-werror --with-pkgversion='Homebrew gcc48 4.8.4' --with-bugurl=https://github.com/Homebrew/homebrew-versions/issues --enable-plugin --disable-nls --enable-multilib]
  ignore line: [Thread model: posix]
  ignore line: [gcc version 4.8.4 (Homebrew gcc48 4.8.4) ]
  ignore line: [COMPILER_PATH=/usr/local/Cellar/gcc48/4.8.4/libexec/gcc/x86_64-apple-darwin14.1.0/4.8.4/:/usr/local/Cellar/gcc48/4.8.4/libexec/gcc/x86_64-apple-darwin14.1.0/4.8.4/:/usr/local/Cellar/gcc48/4.8.4/libexec/gcc/x86_64-apple-darwin14.1.0/:/usr/local/Cellar/gcc48/4.8.4/lib/gcc/4.8/gcc/x86_64-apple-darwin14.1.0/4.8.4/:/usr/local/Cellar/gcc48/4.8.4/lib/gcc/4.8/gcc/x86_64-apple-darwin14.1.0/]
  ignore line: [LIBRARY_PATH=/usr/local/Cellar/gcc48/4.8.4/lib/gcc/4.8/gcc/x86_64-apple-darwin14.1.0/4.8.4/:/usr/local/Cellar/gcc48/4.8.4/lib/gcc/4.8/gcc/x86_64-apple-darwin14.1.0/4.8.4/../../../:/usr/lib/]
  ignore line: [COLLECT_GCC_OPTIONS='-mmacosx-version-min=10.10.1' '-isysroot' '/Applications/Xcode.app/Contents/Developer/Platforms/MacOSX.platform/Developer/SDKs/MacOSX10.10.sdk' '-v' '-o' 'cmTryCompileExec533565825' '-mtune=core2']
  link line: [ /usr/local/Cellar/gcc48/4.8.4/libexec/gcc/x86_64-apple-darwin14.1.0/4.8.4/collect2 -dynamic -arch x86_64 -macosx_version_min 10.10.1 -syslibroot /Applications/Xcode.app/Contents/Developer/Platforms/MacOSX.platform/Developer/SDKs/MacOSX10.10.sdk -weak_reference_mismatches non-weak -o cmTryCompileExec533565825 -L/usr/local/Cellar/gcc48/4.8.4/lib/gcc/4.8/gcc/x86_64-apple-darwin14.1.0/4.8.4 -L/usr/local/Cellar/gcc48/4.8.4/lib/gcc/4.8/gcc/x86_64-apple-darwin14.1.0/4.8.4/../../.. -search_paths_first -headerpad_max_install_names -v CMakeFiles/cmTryCompileExec533565825.dir/CMakeCCompilerABI.c.o -no_compact_unwind -lSystem -lgcc_ext.10.5 -lgcc -lSystem -v]
    arg [/usr/local/Cellar/gcc48/4.8.4/libexec/gcc/x86_64-apple-darwin14.1.0/4.8.4/collect2] ==> ignore
    arg [-dynamic] ==> ignore
    arg [-arch] ==> ignore
    arg [x86_64] ==> ignore
    arg [-macosx_version_min] ==> ignore
    arg [10.10.1] ==> ignore
    arg [-syslibroot] ==> ignore
    arg [/Applications/Xcode.app/Contents/Developer/Platforms/MacOSX.platform/Developer/SDKs/MacOSX10.10.sdk] ==> ignore
    arg [-weak_reference_mismatches] ==> ignore
    arg [non-weak] ==> ignore
    arg [-o] ==> ignore
    arg [cmTryCompileExec533565825] ==> ignore
    arg [-L/usr/local/Cellar/gcc48/4.8.4/lib/gcc/4.8/gcc/x86_64-apple-darwin14.1.0/4.8.4] ==> dir [/usr/local/Cellar/gcc48/4.8.4/lib/gcc/4.8/gcc/x86_64-apple-darwin14.1.0/4.8.4]
    arg [-L/usr/local/Cellar/gcc48/4.8.4/lib/gcc/4.8/gcc/x86_64-apple-darwin14.1.0/4.8.4/../../..] ==> dir [/usr/local/Cellar/gcc48/4.8.4/lib/gcc/4.8/gcc/x86_64-apple-darwin14.1.0/4.8.4/../../..]
    arg [-search_paths_first] ==> ignore
    arg [-headerpad_max_install_names] ==> ignore
    arg [-v] ==> ignore
    arg [CMakeFiles/cmTryCompileExec533565825.dir/CMakeCCompilerABI.c.o] ==> ignore
    arg [-no_compact_unwind] ==> ignore
    arg [-lSystem] ==> lib [System]
    arg [-lgcc_ext.10.5] ==> lib [gcc_ext.10.5]
    arg [-lgcc] ==> lib [gcc]
    arg [-lSystem] ==> lib [System]
    arg [-v] ==> ignore
  Library search paths: [;/usr/local/Cellar/gcc48/4.8.4/lib/gcc/4.8/gcc/x86_64-apple-darwin14.1.0/4.8.4;/usr/local/Cellar/gcc48/4.8.4/lib/gcc/4.8;/Applications/Xcode.app/Contents/Developer/Platforms/MacOSX.platform/Developer/SDKs/MacOSX10.10.sdk/usr/lib]
  Framework search paths: [;/Applications/Xcode.app/Contents/Developer/Platforms/MacOSX.platform/Developer/SDKs/MacOSX10.10.sdk/System/Library/Frameworks/]
  remove lib [System]
  remove lib [gcc_ext.10.5]
  remove lib [gcc]
  remove lib [System]
  collapse library dir [/usr/local/Cellar/gcc48/4.8.4/lib/gcc/4.8/gcc/x86_64-apple-darwin14.1.0/4.8.4] ==> [/usr/local/Cellar/gcc48/4.8.4/lib/gcc/4.8/gcc/x86_64-apple-darwin14.1.0/4.8.4]
  collapse library dir [/usr/local/Cellar/gcc48/4.8.4/lib/gcc/4.8/gcc/x86_64-apple-darwin14.1.0/4.8.4/../../..] ==> [/usr/local/Cellar/gcc48/4.8.4/lib/gcc/4.8]
  collapse library dir [/usr/local/Cellar/gcc48/4.8.4/lib/gcc/4.8/gcc/x86_64-apple-darwin14.1.0/4.8.4] ==> [/usr/local/Cellar/gcc48/4.8.4/lib/gcc/4.8/gcc/x86_64-apple-darwin14.1.0/4.8.4]
  collapse library dir [/usr/local/Cellar/gcc48/4.8.4/lib/gcc/4.8] ==> [/usr/local/Cellar/gcc48/4.8.4/lib/gcc/4.8]
  collapse library dir [/Applications/Xcode.app/Contents/Developer/Platforms/MacOSX.platform/Developer/SDKs/MacOSX10.10.sdk/usr/lib] ==> [/Applications/Xcode.app/Contents/Developer/Platforms/MacOSX.platform/Developer/SDKs/MacOSX10.10.sdk/usr/lib]
  collapse framework dir [/Applications/Xcode.app/Contents/Developer/Platforms/MacOSX.platform/Developer/SDKs/MacOSX10.10.sdk/System/Library/Frameworks/] ==> [/Applications/Xcode.app/Contents/Developer/Platforms/MacOSX.platform/Developer/SDKs/MacOSX10.10.sdk/System/Library/Frameworks]
  implicit libs: []
  implicit dirs: [/usr/local/Cellar/gcc48/4.8.4/lib/gcc/4.8/gcc/x86_64-apple-darwin14.1.0/4.8.4;/usr/local/Cellar/gcc48/4.8.4/lib/gcc/4.8;/Applications/Xcode.app/Contents/Developer/Platforms/MacOSX.platform/Developer/SDKs/MacOSX10.10.sdk/usr/lib]
  implicit fwks: [/Applications/Xcode.app/Contents/Developer/Platforms/MacOSX.platform/Developer/SDKs/MacOSX10.10.sdk/System/Library/Frameworks]


Determining if the CXX compiler works passed with the following output:
Change Dir: /Users/luma/Code/Luma/LIBELAS/build/CMakeFiles/CMakeTmp

Run Build Command:"/usr/bin/make" "cmTryCompileExec3828759431/fast"
/Applications/Xcode.app/Contents/Developer/usr/bin/make -f CMakeFiles/cmTryCompileExec3828759431.dir/build.make CMakeFiles/cmTryCompileExec3828759431.dir/build
/usr/local/Cellar/cmake/3.1.1/bin/cmake -E cmake_progress_report /Users/luma/Code/Luma/LIBELAS/build/CMakeFiles/CMakeTmp/CMakeFiles 1
Building CXX object CMakeFiles/cmTryCompileExec3828759431.dir/testCXXCompiler.cxx.o
/usr/bin/c++    -isysroot /Applications/Xcode.app/Contents/Developer/Platforms/MacOSX.platform/Developer/SDKs/MacOSX10.10.sdk   -o CMakeFiles/cmTryCompileExec3828759431.dir/testCXXCompiler.cxx.o -c /Users/luma/Code/Luma/LIBELAS/build/CMakeFiles/CMakeTmp/testCXXCompiler.cxx
Linking CXX executable cmTryCompileExec3828759431
/usr/local/Cellar/cmake/3.1.1/bin/cmake -E cmake_link_script CMakeFiles/cmTryCompileExec3828759431.dir/link.txt --verbose=1
/usr/bin/c++     -isysroot /Applications/Xcode.app/Contents/Developer/Platforms/MacOSX.platform/Developer/SDKs/MacOSX10.10.sdk -Wl,-search_paths_first -Wl,-headerpad_max_install_names  CMakeFiles/cmTryCompileExec3828759431.dir/testCXXCompiler.cxx.o  -o cmTryCompileExec3828759431  


Detecting CXX compiler ABI info compiled with the following output:
Change Dir: /Users/luma/Code/Luma/LIBELAS/build/CMakeFiles/CMakeTmp

Run Build Command:"/usr/bin/make" "cmTryCompileExec813723932/fast"
/Applications/Xcode.app/Contents/Developer/usr/bin/make -f CMakeFiles/cmTryCompileExec813723932.dir/build.make CMakeFiles/cmTryCompileExec813723932.dir/build
/usr/local/Cellar/cmake/3.1.1/bin/cmake -E cmake_progress_report /Users/luma/Code/Luma/LIBELAS/build/CMakeFiles/CMakeTmp/CMakeFiles 1
Building CXX object CMakeFiles/cmTryCompileExec813723932.dir/CMakeCXXCompilerABI.cpp.o
/usr/bin/c++    -isysroot /Applications/Xcode.app/Contents/Developer/Platforms/MacOSX.platform/Developer/SDKs/MacOSX10.10.sdk   -o CMakeFiles/cmTryCompileExec813723932.dir/CMakeCXXCompilerABI.cpp.o -c /usr/local/Cellar/cmake/3.1.1/share/cmake/Modules/CMakeCXXCompilerABI.cpp
Linking CXX executable cmTryCompileExec813723932
/usr/local/Cellar/cmake/3.1.1/bin/cmake -E cmake_link_script CMakeFiles/cmTryCompileExec813723932.dir/link.txt --verbose=1
/usr/bin/c++     -isysroot /Applications/Xcode.app/Contents/Developer/Platforms/MacOSX.platform/Developer/SDKs/MacOSX10.10.sdk -Wl,-search_paths_first -Wl,-headerpad_max_install_names -v -Wl,-v CMakeFiles/cmTryCompileExec813723932.dir/CMakeCXXCompilerABI.cpp.o  -o cmTryCompileExec813723932   
Using built-in specs.
COLLECT_GCC=/usr/bin/c++
COLLECT_LTO_WRAPPER=/usr/local/Cellar/gcc48/4.8.4/libexec/gcc/x86_64-apple-darwin14.1.0/4.8.4/lto-wrapper
Target: x86_64-apple-darwin14.1.0
Configured with: ../configure --build=x86_64-apple-darwin14.1.0 --prefix=/usr/local/Cellar/gcc48/4.8.4 --libdir=/usr/local/Cellar/gcc48/4.8.4/lib/gcc/4.8 --enable-languages=c,c++,objc,obj-c++ --program-suffix=-4.8 --with-gmp=/usr/local/opt/gmp4 --with-mpfr=/usr/local/opt/mpfr2 --with-mpc=/usr/local/opt/libmpc08 --with-cloog=/usr/local/opt/cloog018 --with-isl=/usr/local/opt/isl011 --with-system-zlib --enable-libstdcxx-time=yes --enable-stage1-checking --enable-checking=release --enable-lto --disable-werror --with-pkgversion='Homebrew gcc48 4.8.4' --with-bugurl=https://github.com/Homebrew/homebrew-versions/issues --enable-plugin --disable-nls --enable-multilib
Thread model: posix
gcc version 4.8.4 (Homebrew gcc48 4.8.4) 
COMPILER_PATH=/usr/local/Cellar/gcc48/4.8.4/libexec/gcc/x86_64-apple-darwin14.1.0/4.8.4/:/usr/local/Cellar/gcc48/4.8.4/libexec/gcc/x86_64-apple-darwin14.1.0/4.8.4/:/usr/local/Cellar/gcc48/4.8.4/libexec/gcc/x86_64-apple-darwin14.1.0/:/usr/local/Cellar/gcc48/4.8.4/lib/gcc/4.8/gcc/x86_64-apple-darwin14.1.0/4.8.4/:/usr/local/Cellar/gcc48/4.8.4/lib/gcc/4.8/gcc/x86_64-apple-darwin14.1.0/
LIBRARY_PATH=/usr/local/Cellar/gcc48/4.8.4/lib/gcc/4.8/gcc/x86_64-apple-darwin14.1.0/4.8.4/:/usr/local/Cellar/gcc48/4.8.4/lib/gcc/4.8/gcc/x86_64-apple-darwin14.1.0/4.8.4/../../../:/usr/lib/
COLLECT_GCC_OPTIONS='-mmacosx-version-min=10.10.1' '-isysroot' '/Applications/Xcode.app/Contents/Developer/Platforms/MacOSX.platform/Developer/SDKs/MacOSX10.10.sdk' '-v' '-o' 'cmTryCompileExec813723932' '-shared-libgcc' '-mtune=core2'
 /usr/local/Cellar/gcc48/4.8.4/libexec/gcc/x86_64-apple-darwin14.1.0/4.8.4/collect2 -dynamic -arch x86_64 -macosx_version_min 10.10.1 -syslibroot /Applications/Xcode.app/Contents/Developer/Platforms/MacOSX.platform/Developer/SDKs/MacOSX10.10.sdk -weak_reference_mismatches non-weak -o cmTryCompileExec813723932 -L/usr/local/Cellar/gcc48/4.8.4/lib/gcc/4.8/gcc/x86_64-apple-darwin14.1.0/4.8.4 -L/usr/local/Cellar/gcc48/4.8.4/lib/gcc/4.8/gcc/x86_64-apple-darwin14.1.0/4.8.4/../../.. -search_paths_first -headerpad_max_install_names -v CMakeFiles/cmTryCompileExec813723932.dir/CMakeCXXCompilerABI.cpp.o -lstdc++ -no_compact_unwind -lSystem -lgcc_ext.10.5 -lgcc -lSystem -v
collect2 version 4.8.4
/usr/bin/ld -dynamic -arch x86_64 -macosx_version_min 10.10.1 -syslibroot /Applications/Xcode.app/Contents/Developer/Platforms/MacOSX.platform/Developer/SDKs/MacOSX10.10.sdk -weak_reference_mismatches non-weak -o cmTryCompileExec813723932 -L/usr/local/Cellar/gcc48/4.8.4/lib/gcc/4.8/gcc/x86_64-apple-darwin14.1.0/4.8.4 -L/usr/local/Cellar/gcc48/4.8.4/lib/gcc/4.8/gcc/x86_64-apple-darwin14.1.0/4.8.4/../../.. -search_paths_first -headerpad_max_install_names -v CMakeFiles/cmTryCompileExec813723932.dir/CMakeCXXCompilerABI.cpp.o -lstdc++ -no_compact_unwind -lSystem -lgcc_ext.10.5 -lgcc -lSystem -v
@(#)PROGRAM:ld  PROJECT:ld64-241.9
configured to support archs: armv6 armv7 armv7s arm64 i386 x86_64 x86_64h armv6m armv7m armv7em
@(#)PROGRAM:ld  PROJECT:ld64-241.9
configured to support archs: armv6 armv7 armv7s arm64 i386 x86_64 x86_64h armv6m armv7m armv7em
Library search paths:
	/usr/local/Cellar/gcc48/4.8.4/lib/gcc/4.8/gcc/x86_64-apple-darwin14.1.0/4.8.4
	/usr/local/Cellar/gcc48/4.8.4/lib/gcc/4.8
	/Applications/Xcode.app/Contents/Developer/Platforms/MacOSX.platform/Developer/SDKs/MacOSX10.10.sdk/usr/lib
Framework search paths:
	/Applications/Xcode.app/Contents/Developer/Platforms/MacOSX.platform/Developer/SDKs/MacOSX10.10.sdk/System/Library/Frameworks/


Parsed CXX implicit link information from above output:
  link line regex: [^( *|.*[/\])(ld|([^/\]+-)?ld|collect2)[^/\]*( |$)]
  ignore line: [Change Dir: /Users/luma/Code/Luma/LIBELAS/build/CMakeFiles/CMakeTmp]
  ignore line: []
  ignore line: [Run Build Command:"/usr/bin/make" "cmTryCompileExec813723932/fast"]
  ignore line: [/Applications/Xcode.app/Contents/Developer/usr/bin/make -f CMakeFiles/cmTryCompileExec813723932.dir/build.make CMakeFiles/cmTryCompileExec813723932.dir/build]
  ignore line: [/usr/local/Cellar/cmake/3.1.1/bin/cmake -E cmake_progress_report /Users/luma/Code/Luma/LIBELAS/build/CMakeFiles/CMakeTmp/CMakeFiles 1]
  ignore line: [Building CXX object CMakeFiles/cmTryCompileExec813723932.dir/CMakeCXXCompilerABI.cpp.o]
  ignore line: [/usr/bin/c++    -isysroot /Applications/Xcode.app/Contents/Developer/Platforms/MacOSX.platform/Developer/SDKs/MacOSX10.10.sdk   -o CMakeFiles/cmTryCompileExec813723932.dir/CMakeCXXCompilerABI.cpp.o -c /usr/local/Cellar/cmake/3.1.1/share/cmake/Modules/CMakeCXXCompilerABI.cpp]
  ignore line: [Linking CXX executable cmTryCompileExec813723932]
  ignore line: [/usr/local/Cellar/cmake/3.1.1/bin/cmake -E cmake_link_script CMakeFiles/cmTryCompileExec813723932.dir/link.txt --verbose=1]
  ignore line: [/usr/bin/c++     -isysroot /Applications/Xcode.app/Contents/Developer/Platforms/MacOSX.platform/Developer/SDKs/MacOSX10.10.sdk -Wl,-search_paths_first -Wl,-headerpad_max_install_names -v -Wl,-v CMakeFiles/cmTryCompileExec813723932.dir/CMakeCXXCompilerABI.cpp.o  -o cmTryCompileExec813723932   ]
  ignore line: [Using built-in specs.]
  ignore line: [COLLECT_GCC=/usr/bin/c++]
  ignore line: [COLLECT_LTO_WRAPPER=/usr/local/Cellar/gcc48/4.8.4/libexec/gcc/x86_64-apple-darwin14.1.0/4.8.4/lto-wrapper]
  ignore line: [Target: x86_64-apple-darwin14.1.0]
  ignore line: [Configured with: ../configure --build=x86_64-apple-darwin14.1.0 --prefix=/usr/local/Cellar/gcc48/4.8.4 --libdir=/usr/local/Cellar/gcc48/4.8.4/lib/gcc/4.8 --enable-languages=c,c++,objc,obj-c++ --program-suffix=-4.8 --with-gmp=/usr/local/opt/gmp4 --with-mpfr=/usr/local/opt/mpfr2 --with-mpc=/usr/local/opt/libmpc08 --with-cloog=/usr/local/opt/cloog018 --with-isl=/usr/local/opt/isl011 --with-system-zlib --enable-libstdcxx-time=yes --enable-stage1-checking --enable-checking=release --enable-lto --disable-werror --with-pkgversion='Homebrew gcc48 4.8.4' --with-bugurl=https://github.com/Homebrew/homebrew-versions/issues --enable-plugin --disable-nls --enable-multilib]
  ignore line: [Thread model: posix]
  ignore line: [gcc version 4.8.4 (Homebrew gcc48 4.8.4) ]
  ignore line: [COMPILER_PATH=/usr/local/Cellar/gcc48/4.8.4/libexec/gcc/x86_64-apple-darwin14.1.0/4.8.4/:/usr/local/Cellar/gcc48/4.8.4/libexec/gcc/x86_64-apple-darwin14.1.0/4.8.4/:/usr/local/Cellar/gcc48/4.8.4/libexec/gcc/x86_64-apple-darwin14.1.0/:/usr/local/Cellar/gcc48/4.8.4/lib/gcc/4.8/gcc/x86_64-apple-darwin14.1.0/4.8.4/:/usr/local/Cellar/gcc48/4.8.4/lib/gcc/4.8/gcc/x86_64-apple-darwin14.1.0/]
  ignore line: [LIBRARY_PATH=/usr/local/Cellar/gcc48/4.8.4/lib/gcc/4.8/gcc/x86_64-apple-darwin14.1.0/4.8.4/:/usr/local/Cellar/gcc48/4.8.4/lib/gcc/4.8/gcc/x86_64-apple-darwin14.1.0/4.8.4/../../../:/usr/lib/]
  ignore line: [COLLECT_GCC_OPTIONS='-mmacosx-version-min=10.10.1' '-isysroot' '/Applications/Xcode.app/Contents/Developer/Platforms/MacOSX.platform/Developer/SDKs/MacOSX10.10.sdk' '-v' '-o' 'cmTryCompileExec813723932' '-shared-libgcc' '-mtune=core2']
  link line: [ /usr/local/Cellar/gcc48/4.8.4/libexec/gcc/x86_64-apple-darwin14.1.0/4.8.4/collect2 -dynamic -arch x86_64 -macosx_version_min 10.10.1 -syslibroot /Applications/Xcode.app/Contents/Developer/Platforms/MacOSX.platform/Developer/SDKs/MacOSX10.10.sdk -weak_reference_mismatches non-weak -o cmTryCompileExec813723932 -L/usr/local/Cellar/gcc48/4.8.4/lib/gcc/4.8/gcc/x86_64-apple-darwin14.1.0/4.8.4 -L/usr/local/Cellar/gcc48/4.8.4/lib/gcc/4.8/gcc/x86_64-apple-darwin14.1.0/4.8.4/../../.. -search_paths_first -headerpad_max_install_names -v CMakeFiles/cmTryCompileExec813723932.dir/CMakeCXXCompilerABI.cpp.o -lstdc++ -no_compact_unwind -lSystem -lgcc_ext.10.5 -lgcc -lSystem -v]
    arg [/usr/local/Cellar/gcc48/4.8.4/libexec/gcc/x86_64-apple-darwin14.1.0/4.8.4/collect2] ==> ignore
    arg [-dynamic] ==> ignore
    arg [-arch] ==> ignore
    arg [x86_64] ==> ignore
    arg [-macosx_version_min] ==> ignore
    arg [10.10.1] ==> ignore
    arg [-syslibroot] ==> ignore
    arg [/Applications/Xcode.app/Contents/Developer/Platforms/MacOSX.platform/Developer/SDKs/MacOSX10.10.sdk] ==> ignore
    arg [-weak_reference_mismatches] ==> ignore
    arg [non-weak] ==> ignore
    arg [-o] ==> ignore
    arg [cmTryCompileExec813723932] ==> ignore
    arg [-L/usr/local/Cellar/gcc48/4.8.4/lib/gcc/4.8/gcc/x86_64-apple-darwin14.1.0/4.8.4] ==> dir [/usr/local/Cellar/gcc48/4.8.4/lib/gcc/4.8/gcc/x86_64-apple-darwin14.1.0/4.8.4]
    arg [-L/usr/local/Cellar/gcc48/4.8.4/lib/gcc/4.8/gcc/x86_64-apple-darwin14.1.0/4.8.4/../../..] ==> dir [/usr/local/Cellar/gcc48/4.8.4/lib/gcc/4.8/gcc/x86_64-apple-darwin14.1.0/4.8.4/../../..]
    arg [-search_paths_first] ==> ignore
    arg [-headerpad_max_install_names] ==> ignore
    arg [-v] ==> ignore
    arg [CMakeFiles/cmTryCompileExec813723932.dir/CMakeCXXCompilerABI.cpp.o] ==> ignore
    arg [-lstdc++] ==> lib [stdc++]
    arg [-no_compact_unwind] ==> ignore
    arg [-lSystem] ==> lib [System]
    arg [-lgcc_ext.10.5] ==> lib [gcc_ext.10.5]
    arg [-lgcc] ==> lib [gcc]
    arg [-lSystem] ==> lib [System]
    arg [-v] ==> ignore
  Library search paths: [;/usr/local/Cellar/gcc48/4.8.4/lib/gcc/4.8/gcc/x86_64-apple-darwin14.1.0/4.8.4;/usr/local/Cellar/gcc48/4.8.4/lib/gcc/4.8;/Applications/Xcode.app/Contents/Developer/Platforms/MacOSX.platform/Developer/SDKs/MacOSX10.10.sdk/usr/lib]
  Framework search paths: [;/Applications/Xcode.app/Contents/Developer/Platforms/MacOSX.platform/Developer/SDKs/MacOSX10.10.sdk/System/Library/Frameworks/]
  remove lib [System]
  remove lib [gcc_ext.10.5]
  remove lib [gcc]
  remove lib [System]
  collapse library dir [/usr/local/Cellar/gcc48/4.8.4/lib/gcc/4.8/gcc/x86_64-apple-darwin14.1.0/4.8.4] ==> [/usr/local/Cellar/gcc48/4.8.4/lib/gcc/4.8/gcc/x86_64-apple-darwin14.1.0/4.8.4]
  collapse library dir [/usr/local/Cellar/gcc48/4.8.4/lib/gcc/4.8/gcc/x86_64-apple-darwin14.1.0/4.8.4/../../..] ==> [/usr/local/Cellar/gcc48/4.8.4/lib/gcc/4.8]
  collapse library dir [/usr/local/Cellar/gcc48/4.8.4/lib/gcc/4.8/gcc/x86_64-apple-darwin14.1.0/4.8.4] ==> [/usr/local/Cellar/gcc48/4.8.4/lib/gcc/4.8/gcc/x86_64-apple-darwin14.1.0/4.8.4]
  collapse library dir [/usr/local/Cellar/gcc48/4.8.4/lib/gcc/4.8] ==> [/usr/local/Cellar/gcc48/4.8.4/lib/gcc/4.8]
  collapse library dir [/Applications/Xcode.app/Contents/Developer/Platforms/MacOSX.platform/Developer/SDKs/MacOSX10.10.sdk/usr/lib] ==> [/Applications/Xcode.app/Contents/Developer/Platforms/MacOSX.platform/Developer/SDKs/MacOSX10.10.sdk/usr/lib]
  collapse framework dir [/Applications/Xcode.app/Contents/Developer/Platforms/MacOSX.platform/Developer/SDKs/MacOSX10.10.sdk/System/Library/Frameworks/] ==> [/Applications/Xcode.app/Contents/Developer/Platforms/MacOSX.platform/Developer/SDKs/MacOSX10.10.sdk/System/Library/Frameworks]
  implicit libs: [stdc++]
  implicit dirs: [/usr/local/Cellar/gcc48/4.8.4/lib/gcc/4.8/gcc/x86_64-apple-darwin14.1.0/4.8.4;/usr/local/Cellar/gcc48/4.8.4/lib/gcc/4.8;/Applications/Xcode.app/Contents/Developer/Platforms/MacOSX.platform/Developer/SDKs/MacOSX10.10.sdk/usr/lib]
  implicit fwks: [/Applications/Xcode.app/Contents/Developer/Platforms/MacOSX.platform/Developer/SDKs/MacOSX10.10.sdk/System/Library/Frameworks]


